<?xml version="1.0" encoding="UTF-8"?>
<testsuites name="Test Suite 1" time="18.146" tests="1" failures="0" errors="0">
   <testsuite name="Test Suite 1" tests="1" failures="0" errors="0" time="18.146" timestamp="2019-10-28 17:29:26" hostname="Administrator - EC2AMAZ-NDM7R0M" id="Test Suites/Day1/Test Suite 1">
      <properties>
         <property name="deviceName" value=""/>
         <property name="devicePlatform" value=""/>
         <property name="logFolder" value="E:\\Desktop\\Projects\\KatalonStudio\\2019\\TrainingProjet_28Oct2019_Demo\\Reports\\20191028_172924\\Day1\\Test Suite 1\\20191028_172924"/>
         <property name="logFiles" value="E:\\Desktop\\Projects\\KatalonStudio\\2019\\TrainingProjet_28Oct2019_Demo\\Reports\\20191028_172924\\Day1\\Test Suite 1\\20191028_172924\\execution0.log"/>
         <property name="attachments" value="E:\\Desktop\\Projects\\KatalonStudio\\2019\\TrainingProjet_28Oct2019_Demo\\Reports\\20191028_172924\\Day1\\Test Suite 1\\20191028_172924/videos\\test_1.avi"/>
         <property name="hostName" value="Administrator - EC2AMAZ-NDM7R0M"/>
         <property name="os" value="Windows Server 2016 64bit"/>
         <property name="katalonVersion" value="7.0.4.1"/>
         <property name="browser" value="Chrome 78.0.3904.70"/>
         <property name="hostAddress" value="172.20.128.1"/>
         <property name="sessionId" value="2992f14d4c7643f7fa5df534f160ec88"/>
         <property name="seleniumVersion" value="3.141.59"/>
         <property name="proxyInformation" value="ProxyInformation{proxyOption=NO_PROXY, proxyServerType=HTTP, password=, proxyServerAddress=, proxyServerPort=0}"/>
         <property name="platform" value="Windows Server 2016"/>
      </properties>
      <testcase name="Test Cases/Day1/Test_Record_2" time="16.652" classname="Test Cases/Day1/Test_Record_2" status="PASSED">
         <system-out><![CDATA[2019-10-28 17:29:27 - [TEST_CASE][PASSED] - Test Cases/Day1/Test_Record_2: Test Cases/Day1/Test_Record_2

2019-10-28 17:29:27 - [TEST_STEP][PASSED] - openBrowser(""): Browser is opened with url: ''

2019-10-28 17:29:27 - [MESSAGE][INFO] - Starting 'Chrome' driver

2019-10-28 17:29:27 - [MESSAGE][INFO] - Action delay is set to 0 seconds

2019-10-28 17:29:33 - [MESSAGE][PASSED] - Browser is opened with url: ''

2019-10-28 17:29:33 - [TEST_STEP][PASSED] - navigateToUrl(URL): Navigate to 'https://opensource-demo.orangehrmlive.com' successfully

2019-10-28 17:29:35 - [MESSAGE][PASSED] - Navigate to 'https://opensource-demo.orangehrmlive.com' successfully

2019-10-28 17:29:35 - [TEST_STEP][PASSED] - setText(findTestObject("Object Repository/Page_OrangeHRM/input_LOGIN Panel_txtUsername"), "Admin"): Text 'Admin' is set on object 'Object Repository/Page_OrangeHRM/input_LOGIN Panel_txtUsername'

2019-10-28 17:29:35 - [MESSAGE][PASSED] - Text 'Admin' is set on object 'Object Repository/Page_OrangeHRM/input_LOGIN Panel_txtUsername'

2019-10-28 17:29:35 - [TEST_STEP][PASSED] - setEncryptedText(findTestObject("Object Repository/Page_OrangeHRM/input_Username_txtPassword"), "hUKwJTbofgPU9eVlw/CnDQ=="): Text ****** has been set on object 'Object Repository/Page_OrangeHRM/input_Username_txtPassword'

2019-10-28 17:29:37 - [MESSAGE][PASSED] - Text ****** has been set on object 'Object Repository/Page_OrangeHRM/input_Username_txtPassword'

2019-10-28 17:29:37 - [TEST_STEP][PASSED] - click(findTestObject("Object Repository/Page_OrangeHRM/input_Password_Submit")): Object: 'Object Repository/Page_OrangeHRM/input_Password_Submit' is clicked on

2019-10-28 17:29:39 - [MESSAGE][PASSED] - Object: 'Object Repository/Page_OrangeHRM/input_Password_Submit' is clicked on

2019-10-28 17:29:39 - [TEST_STEP][PASSED] - click(findTestObject("Object Repository/Page_OrangeHRM/a_Welcome Admin")): Object: 'Object Repository/Page_OrangeHRM/a_Welcome Admin' is clicked on

2019-10-28 17:29:40 - [MESSAGE][PASSED] - Object: 'Object Repository/Page_OrangeHRM/a_Welcome Admin' is clicked on

2019-10-28 17:29:40 - [TEST_STEP][PASSED] - click(findTestObject("Object Repository/Page_OrangeHRM/a_Logout")): Object: 'Object Repository/Page_OrangeHRM/a_Logout' is clicked on

2019-10-28 17:29:41 - [MESSAGE][PASSED] - Object: 'Object Repository/Page_OrangeHRM/a_Logout' is clicked on

2019-10-28 17:29:43 - [TEST_STEP][PASSED] - Video: Video recording for test case 'Test Cases/Day1/Test_Record_2' .

2019-10-28 17:29:43 - [MESSAGE][INFO] - Video recording for test case 'Test Cases/Day1/Test_Record_2' .
[[ATTACHMENT|E:\\Desktop\\Projects\\KatalonStudio\\2019\\TrainingProjet_28Oct2019_Demo\\Reports\\20191028_172924\\Day1\\Test Suite 1\\20191028_172924/videos\\test_1.avi]]]]></system-out>
         <system-err><![CDATA[]]></system-err>
      </testcase>
      <system-out><![CDATA[2019-10-28 17:29:26 - [TEST_SUITE][PASSED] - Test Suite 1: Test Cases/Day1/Test_Record_2]]></system-out>
      <system-err><![CDATA[]]></system-err>
   </testsuite>
</testsuites>
