<?xml version="1.0" encoding="UTF-8"?>
<testsuites name="Test Suite 1" time="10.404" tests="1" failures="0" errors="0">
   <testsuite name="Test Suite 1" tests="1" failures="0" errors="0" time="10.404" timestamp="2019-10-28 16:58:57" hostname="Administrator - EC2AMAZ-NDM7R0M" id="Test Suites/Day1/Test Suite 1">
      <properties>
         <property name="deviceName" value=""/>
         <property name="devicePlatform" value=""/>
         <property name="logFolder" value="E:\\Desktop\\Projects\\KatalonStudio\\2019\\TrainingProjet_28Oct2019_Demo\\Reports\\20191028_165853\\Day1\\Test Suite 1\\20191028_165853"/>
         <property name="logFiles" value="E:\\Desktop\\Projects\\KatalonStudio\\2019\\TrainingProjet_28Oct2019_Demo\\Reports\\20191028_165853\\Day1\\Test Suite 1\\20191028_165853\\execution0.log"/>
         <property name="attachments" value=""/>
         <property name="hostName" value="Administrator - EC2AMAZ-NDM7R0M"/>
         <property name="os" value="Windows Server 2016 64bit"/>
         <property name="katalonVersion" value="7.0.4.1"/>
         <property name="browser" value="Chrome 78.0.3904.70"/>
         <property name="hostAddress" value="172.20.128.1"/>
         <property name="sessionId" value="361223f6187c56dc93e0b42294fad41e"/>
         <property name="seleniumVersion" value="3.141.59"/>
         <property name="proxyInformation" value="ProxyInformation{proxyOption=NO_PROXY, proxyServerType=HTTP, password=, proxyServerAddress=, proxyServerPort=0}"/>
         <property name="platform" value="Windows Server 2016"/>
      </properties>
      <testcase name="Test Cases/Day1/Test_Record_2" time="8.548" classname="Test Cases/Day1/Test_Record_2" status="PASSED">
         <system-out><![CDATA[2019-10-28 16:58:57 - [TEST_CASE][PASSED] - Test Cases/Day1/Test_Record_2: Test Cases/Day1/Test_Record_2

2019-10-28 16:58:57 - [TEST_STEP][PASSED] - openBrowser(""): Browser is opened with url: ''

2019-10-28 16:58:58 - [MESSAGE][INFO] - Starting 'Chrome' driver

2019-10-28 16:58:58 - [MESSAGE][INFO] - Action delay is set to 0 seconds

2019-10-28 16:59:01 - [MESSAGE][PASSED] - Browser is opened with url: ''

2019-10-28 16:59:01 - [TEST_STEP][PASSED] - navigateToUrl(URL): Navigate to 'https://opensource-demo.orangehrmlive.com' successfully

2019-10-28 16:59:01 - [MESSAGE][PASSED] - Navigate to 'https://opensource-demo.orangehrmlive.com' successfully

2019-10-28 16:59:01 - [TEST_STEP][PASSED] - setText(findTestObject("Object Repository/Page_OrangeHRM/input_LOGIN Panel_txtUsername"), "Admin"): Text 'Admin' is set on object 'Object Repository/Page_OrangeHRM/input_LOGIN Panel_txtUsername'

2019-10-28 16:59:02 - [MESSAGE][PASSED] - Text 'Admin' is set on object 'Object Repository/Page_OrangeHRM/input_LOGIN Panel_txtUsername'

2019-10-28 16:59:02 - [TEST_STEP][PASSED] - setEncryptedText(findTestObject("Object Repository/Page_OrangeHRM/input_Username_txtPassword"), "hUKwJTbofgPU9eVlw/CnDQ=="): Text ****** has been set on object 'Object Repository/Page_OrangeHRM/input_Username_txtPassword'

2019-10-28 16:59:03 - [MESSAGE][PASSED] - Text ****** has been set on object 'Object Repository/Page_OrangeHRM/input_Username_txtPassword'

2019-10-28 16:59:03 - [TEST_STEP][PASSED] - click(findTestObject("Object Repository/Page_OrangeHRM/input_Password_Submit")): Object: 'Object Repository/Page_OrangeHRM/input_Password_Submit' is clicked on

2019-10-28 16:59:04 - [MESSAGE][PASSED] - Object: 'Object Repository/Page_OrangeHRM/input_Password_Submit' is clicked on

2019-10-28 16:59:04 - [TEST_STEP][PASSED] - click(findTestObject("Object Repository/Page_OrangeHRM/a_Welcome Admin")): Object: 'Object Repository/Page_OrangeHRM/a_Welcome Admin' is clicked on

2019-10-28 16:59:05 - [MESSAGE][PASSED] - Object: 'Object Repository/Page_OrangeHRM/a_Welcome Admin' is clicked on

2019-10-28 16:59:05 - [TEST_STEP][PASSED] - click(findTestObject("Object Repository/Page_OrangeHRM/a_Logout")): Object: 'Object Repository/Page_OrangeHRM/a_Logout' is clicked on

2019-10-28 16:59:06 - [MESSAGE][PASSED] - Object: 'Object Repository/Page_OrangeHRM/a_Logout' is clicked on]]></system-out>
         <system-err><![CDATA[]]></system-err>
      </testcase>
      <system-out><![CDATA[2019-10-28 16:58:57 - [TEST_SUITE][PASSED] - Test Suite 1: Test Cases/Day1/Test_Record_2]]></system-out>
      <system-err><![CDATA[]]></system-err>
   </testsuite>
</testsuites>
